Build started 7/27/2016 10:00:27 PM.
     1>Project "C:\Users\achuth\Downloads\raytrace\raytrace.vcxproj" on node 2 (Build target(s)).
     1>ClCompile:
         C:\Program Files (x86)\Microsoft Visual Studio 11.0\VC\bin\CL.exe /c /ZI /nologo /W3 /WX- /Od /Oy- /D WIN32 /D _DEBUG /D _CONSOLE /D _UNICODE /D UNICODE /Gm /EHsc /RTC1 /MDd /GS /fp:precise /Zc:wchar_t /Zc:forScope /Fo"Debug\\" /Fd"Debug\vc110.pdb" /Gd /TP /analyze- /errorReport:prompt main.cpp
         main.cpp
     1>c:\users\achuth\downloads\raytrace\main.cpp(57): warning C4244: '=' : conversion from 'double' to 'float', possible loss of data
     1>c:\users\achuth\downloads\raytrace\main.cpp(61): warning C4244: 'initializing' : conversion from 'double' to 'float', possible loss of data
     1>c:\users\achuth\downloads\raytrace\main.cpp(156): warning C4244: 'initializing' : conversion from 'double' to 'float', possible loss of data
     1>c:\users\achuth\downloads\raytrace\main.cpp(181): warning C4018: '<' : signed/unsigned mismatch
     1>c:\users\achuth\downloads\raytrace\main.cpp(233): warning C4305: 'initializing' : truncation from 'double' to 'float'
     1>c:\users\achuth\downloads\raytrace\main.cpp(236): warning C4018: '<' : signed/unsigned mismatch
     1>c:\users\achuth\downloads\raytrace\main.cpp(250): warning C4244: 'argument' : conversion from 'double' to 'const float', possible loss of data
     1>c:\users\achuth\downloads\raytrace\main.cpp(299): warning C4244: '=' : conversion from 'double' to 'float', possible loss of data
     1>c:\users\achuth\downloads\raytrace\main.cpp(300): warning C4244: '=' : conversion from 'double' to 'float', possible loss of data
     1>c:\users\achuth\downloads\raytrace\main.cpp(375): warning C4305: 'argument' : truncation from 'double' to 'float'
     1>c:\users\achuth\downloads\raytrace\main.cpp(383): warning C4305: 'argument' : truncation from 'double' to 'float'
     1>c:\users\achuth\downloads\raytrace\main.cpp(388): warning C4305: 'argument' : truncation from 'double' to 'float'
     1>c:\users\achuth\downloads\raytrace\main.cpp(388): warning C4305: 'argument' : truncation from 'double' to 'const float'
       Link:
         C:\Program Files (x86)\Microsoft Visual Studio 11.0\VC\bin\link.exe /ERRORREPORT:PROMPT /OUT:"C:\Users\achuth\Downloads\raytrace\Debug\raytrace.exe" /INCREMENTAL /NOLOGO kernel32.lib user32.lib gdi32.lib winspool.lib comdlg32.lib advapi32.lib shell32.lib ole32.lib oleaut32.lib uuid.lib odbc32.lib odbccp32.lib /MANIFEST /MANIFESTUAC:"level='asInvoker' uiAccess='false'" /manifest:embed /DEBUG /PDB:"C:\Users\achuth\Downloads\raytrace\Debug\raytrace.pdb" /SUBSYSTEM:CONSOLE /TLBID:1 /DYNAMICBASE /NXCOMPAT /IMPLIB:"C:\Users\achuth\Downloads\raytrace\Debug\raytrace.lib" /MACHINE:X86 Debug\main.obj
         raytrace.vcxproj -> C:\Users\achuth\Downloads\raytrace\Debug\raytrace.exe
     1>Done Building Project "C:\Users\achuth\Downloads\raytrace\raytrace.vcxproj" (Build target(s)).

Build succeeded.

Time Elapsed 00:00:01.02
