C:\USERS\ACHUTH\DOWNLOADS\RAYTRACE\DEBUG\MAIN.OBJ
C:\USERS\ACHUTH\DOWNLOADS\RAYTRACE\DEBUG\VC110.PDB
C:\USERS\ACHUTH\DOWNLOADS\RAYTRACE\DEBUG\RAYTRACE.ILK
C:\USERS\ACHUTH\DOWNLOADS\RAYTRACE\DEBUG\RAYTRACE.EXE
C:\USERS\ACHUTH\DOWNLOADS\RAYTRACE\DEBUG\RAYTRACE.PDB
C:\Users\achuth\Downloads\raytrace\Debug\main.obj
C:\Users\achuth\Downloads\raytrace\Debug\raytrace.ilk
C:\Users\achuth\Downloads\raytrace\Debug\cl.command.1.tlog
C:\Users\achuth\Downloads\raytrace\Debug\CL.read.1.tlog
C:\Users\achuth\Downloads\raytrace\Debug\CL.write.1.tlog
C:\Users\achuth\Downloads\raytrace\Debug\link-cvtres.read.1.tlog
C:\Users\achuth\Downloads\raytrace\Debug\link-cvtres.write.1.tlog
C:\Users\achuth\Downloads\raytrace\Debug\link-rc.read.1.tlog
C:\Users\achuth\Downloads\raytrace\Debug\link-rc.write.1.tlog
C:\Users\achuth\Downloads\raytrace\Debug\link.3904-cvtres.read.1.tlog
C:\Users\achuth\Downloads\raytrace\Debug\link.3904-cvtres.write.1.tlog
C:\Users\achuth\Downloads\raytrace\Debug\link.3904-rc.read.1.tlog
C:\Users\achuth\Downloads\raytrace\Debug\link.3904-rc.write.1.tlog
C:\Users\achuth\Downloads\raytrace\Debug\link.3904.read.1.tlog
C:\Users\achuth\Downloads\raytrace\Debug\link.3904.write.1.tlog
C:\Users\achuth\Downloads\raytrace\Debug\link.5600-cvtres.read.1.tlog
C:\Users\achuth\Downloads\raytrace\Debug\link.5600-cvtres.write.1.tlog
C:\Users\achuth\Downloads\raytrace\Debug\link.5600-rc.read.1.tlog
C:\Users\achuth\Downloads\raytrace\Debug\link.5600-rc.write.1.tlog
C:\Users\achuth\Downloads\raytrace\Debug\link.5600.read.1.tlog
C:\Users\achuth\Downloads\raytrace\Debug\link.5600.write.1.tlog
C:\Users\achuth\Downloads\raytrace\Debug\link.command.1.tlog
C:\Users\achuth\Downloads\raytrace\Debug\link.read.1.tlog
C:\Users\achuth\Downloads\raytrace\Debug\link.write.1.tlog
C:\Users\achuth\Downloads\raytrace\Debug\vc110.idb
C:\Users\achuth\Downloads\raytrace\Debug\raytrace.pdb
C:\Users\achuth\Downloads\raytrace\Debug\vc110.pdb
C:\Users\achuth\Downloads\raytrace\Debug\raytrace.exe
